<?xml version="1.0" encoding="UTF-8"?>
<!-- Generated by org.testng.reporters.JUnitReportReporter -->
<testsuite hostname="DESKTOP-DJ4FDME" failures="0" tests="1" name="org.mpasis.automation.uo.baseClasspkg.InitiateBrowser" time="27.226" errors="0" timestamp="2024-02-17T07:45:37 IST" skipped="0">
  <testcase classname="org.mpasis.automation.uo.baseClasspkg.InitiateBrowser" name="launchBrowser" time="27.226"/>
</testsuite> <!-- org.mpasis.automation.uo.baseClasspkg.InitiateBrowser -->
