<?xml version="1.0" encoding="UTF-8"?>
<!-- Generated by org.testng.reporters.JUnitReportReporter -->
<testsuite hostname="DESKTOP-DJ4FDME" failures="0" tests="1" name="org.mpasis.automation.uo.testcases.SignInScenario" time="28.651" errors="0" timestamp="2024-02-17T08:14:17 IST" skipped="0">
  <testcase classname="org.mpasis.automation.uo.testcases.SignInScenario" name="validate_signin_func" time="28.651"/>
</testsuite> <!-- org.mpasis.automation.uo.testcases.SignInScenario -->
